<?xml version="1.0" encoding="UTF-8"?>
<!-- Generated by org.testng.reporters.JUnitXMLReporter -->
<testsuite hostname="LAPTOP-QSL5ETT9" name="Test" tests="4" failures="0" timestamp="22 Jul 2022 21:09:43 GMT" time="24.343" errors="0">
  <testcase name="faceb" time="3.443" classname="com.ng1.Facebook"/>
  <testcase name="Hrmweb" time="12.697" classname="com.ng1.Hrm"/>
  <testcase name="gru" time="4.164" classname="com.ng1.Guru"/>
  <testcase name="gmal" time="4.01" classname="com.ng1.Gmail"/>
</testsuite> <!-- Test -->
