<?xml version="1.0" encoding="UTF-8"?>
<testng-results skipped="0" failed="0" total="1" passed="1">
  <reporter-output>
  </reporter-output>
  <suite name="Default suite" duration-ms="12026" started-at="2022-08-01T20:25:06Z" finished-at="2022-08-01T20:25:18Z">
    <groups>
    </groups>
    <test name="Default test" duration-ms="12026" started-at="2022-08-01T20:25:06Z" finished-at="2022-08-01T20:25:18Z">
      <class name="com.ng1.Assertsoft">
        <test-method status="PASS" signature="Assert()[pri:0, instance:com.ng1.Assertsoft@100fc185]" name="Assert" duration-ms="11968" started-at="2022-08-01T16:25:06Z" finished-at="2022-08-01T16:25:18Z">
          <reporter-output>
          </reporter-output>
        </test-method> <!-- Assert -->
      </class> <!-- com.ng1.Assertsoft -->
    </test> <!-- Default test -->
  </suite> <!-- Default suite -->
</testng-results>
